May 18, 2017 8:22:22 PM org.apache.catalina.startup.VersionLoggerListener log
INFO: Server version:        Apache Tomcat/7.0.69
May 18, 2017 8:22:22 PM org.apache.catalina.startup.VersionLoggerListener log
INFO: Server built:          Apr 11 2016 07:57:09 UTC
May 18, 2017 8:22:22 PM org.apache.catalina.startup.VersionLoggerListener log
INFO: Server number:         7.0.69.0
May 18, 2017 8:22:22 PM org.apache.catalina.startup.VersionLoggerListener log
INFO: OS Name:               Windows 8.1
May 18, 2017 8:22:22 PM org.apache.catalina.startup.VersionLoggerListener log
INFO: OS Version:            6.3
May 18, 2017 8:22:22 PM org.apache.catalina.startup.VersionLoggerListener log
INFO: Architecture:          amd64
May 18, 2017 8:22:22 PM org.apache.catalina.startup.VersionLoggerListener log
INFO: Java Home:             C:\Program Files\Java\jdk\jre
May 18, 2017 8:22:22 PM org.apache.catalina.startup.VersionLoggerListener log
INFO: JVM Version:           1.7.0_79-b15
May 18, 2017 8:22:22 PM org.apache.catalina.startup.VersionLoggerListener log
INFO: JVM Vendor:            Oracle Corporation
May 18, 2017 8:22:22 PM org.apache.catalina.startup.VersionLoggerListener log
INFO: CATALINA_BASE:         C:\Users\mounika.mouna\Desktop\Software\SampleBuild\AplicationServer\apache-tomcat-7.0.69
May 18, 2017 8:22:22 PM org.apache.catalina.startup.VersionLoggerListener log
INFO: CATALINA_HOME:         C:\Users\mounika.mouna\Desktop\Software\SampleBuild\AplicationServer\apache-tomcat-7.0.69
May 18, 2017 8:22:22 PM org.apache.catalina.startup.VersionLoggerListener log
INFO: Command line argument: -Djdk.tls.ephemeralDHKeySize=2048
May 18, 2017 8:22:22 PM org.apache.catalina.startup.VersionLoggerListener log
INFO: Command line argument: -Djava.util.logging.config.file=C:\Users\mounika.mouna\Desktop\Software\SampleBuild\AplicationServer\apache-tomcat-7.0.69\conf\logging.properties
May 18, 2017 8:22:22 PM org.apache.catalina.startup.VersionLoggerListener log
INFO: Command line argument: -Djava.util.logging.manager=org.apache.juli.ClassLoaderLogManager
May 18, 2017 8:22:22 PM org.apache.catalina.startup.VersionLoggerListener log
INFO: Command line argument: -Djava.endorsed.dirs=C:\Users\mounika.mouna\Desktop\Software\SampleBuild\AplicationServer\apache-tomcat-7.0.69\endorsed
May 18, 2017 8:22:22 PM org.apache.catalina.startup.VersionLoggerListener log
INFO: Command line argument: -Dcatalina.base=C:\Users\mounika.mouna\Desktop\Software\SampleBuild\AplicationServer\apache-tomcat-7.0.69
May 18, 2017 8:22:22 PM org.apache.catalina.startup.VersionLoggerListener log
INFO: Command line argument: -Dcatalina.home=C:\Users\mounika.mouna\Desktop\Software\SampleBuild\AplicationServer\apache-tomcat-7.0.69
May 18, 2017 8:22:22 PM org.apache.catalina.startup.VersionLoggerListener log
INFO: Command line argument: -Djava.io.tmpdir=C:\Users\mounika.mouna\Desktop\Software\SampleBuild\AplicationServer\apache-tomcat-7.0.69\temp
May 18, 2017 8:22:22 PM org.apache.catalina.core.AprLifecycleListener lifecycleEvent
INFO: Loaded APR based Apache Tomcat Native library 1.1.33 using APR version 1.5.1.
May 18, 2017 8:22:22 PM org.apache.catalina.core.AprLifecycleListener lifecycleEvent
INFO: APR capabilities: IPv6 [true], sendfile [true], accept filters [false], random [true].
May 18, 2017 8:22:23 PM org.apache.catalina.core.AprLifecycleListener initializeSSL
INFO: OpenSSL successfully initialized (OpenSSL 1.0.1m 19 Mar 2015)
May 18, 2017 8:22:26 PM org.apache.coyote.AbstractProtocol init
INFO: Initializing ProtocolHandler ["http-apr-8080"]
May 18, 2017 8:22:26 PM org.apache.coyote.AbstractProtocol init
INFO: Initializing ProtocolHandler ["ajp-apr-8009"]
May 18, 2017 8:22:26 PM org.apache.catalina.startup.Catalina load
INFO: Initialization processed in 9516 ms
May 18, 2017 8:22:27 PM org.apache.catalina.core.StandardService startInternal
INFO: Starting service Catalina
May 18, 2017 8:22:27 PM org.apache.catalina.core.StandardEngine startInternal
INFO: Starting Servlet Engine: Apache Tomcat/7.0.69
May 18, 2017 8:22:27 PM org.apache.catalina.startup.HostConfig deployWAR
INFO: Deploying web application archive C:\Users\mounika.mouna\Desktop\Software\SampleBuild\AplicationServer\apache-tomcat-7.0.69\webapps\hello.war
May 18, 2017 8:22:29 PM org.apache.catalina.util.SessionIdGeneratorBase createSecureRandom
INFO: Creation of SecureRandom instance for session ID generation using [SHA1PRNG] took [391] milliseconds.
May 18, 2017 8:22:29 PM org.apache.catalina.startup.HostConfig deployWAR
INFO: Deployment of web application archive C:\Users\mounika.mouna\Desktop\Software\SampleBuild\AplicationServer\apache-tomcat-7.0.69\webapps\hello.war has finished in 2,469 ms
May 18, 2017 8:22:29 PM org.apache.catalina.startup.HostConfig deployDirectory
INFO: Deploying web application directory C:\Users\mounika.mouna\Desktop\Software\SampleBuild\AplicationServer\apache-tomcat-7.0.69\webapps\docs
May 18, 2017 8:22:29 PM org.apache.catalina.startup.HostConfig deployDirectory
INFO: Deployment of web application directory C:\Users\mounika.mouna\Desktop\Software\SampleBuild\AplicationServer\apache-tomcat-7.0.69\webapps\docs has finished in 141 ms
May 18, 2017 8:22:29 PM org.apache.catalina.startup.HostConfig deployDirectory
INFO: Deploying web application directory C:\Users\mounika.mouna\Desktop\Software\SampleBuild\AplicationServer\apache-tomcat-7.0.69\webapps\examples
May 18, 2017 8:22:32 PM org.apache.catalina.startup.HostConfig deployDirectory
INFO: Deployment of web application directory C:\Users\mounika.mouna\Desktop\Software\SampleBuild\AplicationServer\apache-tomcat-7.0.69\webapps\examples has finished in 2,329 ms
May 18, 2017 8:22:32 PM org.apache.catalina.startup.HostConfig deployDirectory
INFO: Deploying web application directory C:\Users\mounika.mouna\Desktop\Software\SampleBuild\AplicationServer\apache-tomcat-7.0.69\webapps\ROOT
May 18, 2017 8:22:32 PM org.apache.catalina.startup.HostConfig deployDirectory
INFO: Deployment of web application directory C:\Users\mounika.mouna\Desktop\Software\SampleBuild\AplicationServer\apache-tomcat-7.0.69\webapps\ROOT has finished in 109 ms
May 18, 2017 8:22:32 PM org.apache.coyote.AbstractProtocol start
INFO: Starting ProtocolHandler ["http-apr-8080"]
May 18, 2017 8:22:32 PM org.apache.coyote.AbstractProtocol start
INFO: Starting ProtocolHandler ["ajp-apr-8009"]
May 18, 2017 8:22:32 PM org.apache.catalina.startup.Catalina start
INFO: Server startup in 5885 ms
